{"/home/mclilzee/repo/battleship/src/ship.js": {"path":"/home/mclilzee/repo/battleship/src/ship.js","statementMap":{"0":{"start":{"line":3,"column":4},"end":{"line":3,"column":25}},"1":{"start":{"line":4,"column":4},"end":{"line":4,"column":39}},"2":{"start":{"line":5,"column":4},"end":{"line":5,"column":22}},"3":{"start":{"line":9,"column":4},"end":{"line":9,"column":23}},"4":{"start":{"line":13,"column":4},"end":{"line":13,"column":26}},"5":{"start":{"line":17,"column":4},"end":{"line":17,"column":21}},"6":{"start":{"line":21,"column":4},"end":{"line":34,"column":5}},"7":{"start":{"line":22,"column":17},"end":{"line":22,"column":26}},"8":{"start":{"line":23,"column":6},"end":{"line":26,"column":7}},"9":{"start":{"line":23,"column":19},"end":{"line":23,"column":20}},"10":{"start":{"line":24,"column":8},"end":{"line":24,"column":59}},"11":{"start":{"line":25,"column":8},"end":{"line":25,"column":18}},"12":{"start":{"line":28,"column":17},"end":{"line":28,"column":26}},"13":{"start":{"line":30,"column":6},"end":{"line":33,"column":7}},"14":{"start":{"line":30,"column":19},"end":{"line":30,"column":20}},"15":{"start":{"line":31,"column":8},"end":{"line":31,"column":59}},"16":{"start":{"line":32,"column":8},"end":{"line":32,"column":18}},"17":{"start":{"line":38,"column":4},"end":{"line":40,"column":5}},"18":{"start":{"line":39,"column":6},"end":{"line":39,"column":19}},"19":{"start":{"line":42,"column":18},"end":{"line":42,"column":54}},"20":{"start":{"line":43,"column":4},"end":{"line":50,"column":5}},"21":{"start":{"line":44,"column":6},"end":{"line":44,"column":38}},"22":{"start":{"line":45,"column":6},"end":{"line":47,"column":7}},"23":{"start":{"line":46,"column":8},"end":{"line":46,"column":25}},"24":{"start":{"line":49,"column":6},"end":{"line":49,"column":18}},"25":{"start":{"line":52,"column":4},"end":{"line":52,"column":17}},"26":{"start":{"line":56,"column":4},"end":{"line":63,"column":5}},"27":{"start":{"line":56,"column":17},"end":{"line":56,"column":18}},"28":{"start":{"line":57,"column":6},"end":{"line":62,"column":7}},"29":{"start":{"line":61,"column":8},"end":{"line":61,"column":17}},"30":{"start":{"line":65,"column":4},"end":{"line":65,"column":14}},"31":{"start":{"line":69,"column":0},"end":{"line":69,"column":22}}},"fnMap":{"0":{"name":"(anonymous_0)","decl":{"start":{"line":2,"column":2},"end":{"line":2,"column":3}},"loc":{"start":{"line":2,"column":22},"end":{"line":6,"column":3}},"line":2},"1":{"name":"(anonymous_1)","decl":{"start":{"line":8,"column":2},"end":{"line":8,"column":3}},"loc":{"start":{"line":8,"column":14},"end":{"line":10,"column":3}},"line":8},"2":{"name":"(anonymous_2)","decl":{"start":{"line":12,"column":2},"end":{"line":12,"column":3}},"loc":{"start":{"line":12,"column":17},"end":{"line":14,"column":3}},"line":12},"3":{"name":"(anonymous_3)","decl":{"start":{"line":16,"column":2},"end":{"line":16,"column":3}},"loc":{"start":{"line":16,"column":11},"end":{"line":18,"column":3}},"line":16},"4":{"name":"(anonymous_4)","decl":{"start":{"line":20,"column":2},"end":{"line":20,"column":3}},"loc":{"start":{"line":20,"column":56},"end":{"line":35,"column":3}},"line":20},"5":{"name":"(anonymous_5)","decl":{"start":{"line":37,"column":2},"end":{"line":37,"column":3}},"loc":{"start":{"line":37,"column":28},"end":{"line":53,"column":3}},"line":37},"6":{"name":"(anonymous_6)","decl":{"start":{"line":55,"column":2},"end":{"line":55,"column":3}},"loc":{"start":{"line":55,"column":34},"end":{"line":66,"column":3}},"line":55}},"branchMap":{"0":{"loc":{"start":{"line":20,"column":37},"end":{"line":20,"column":54}},"type":"default-arg","locations":[{"start":{"line":20,"column":51},"end":{"line":20,"column":54}}],"line":20},"1":{"loc":{"start":{"line":21,"column":4},"end":{"line":34,"column":5}},"type":"if","locations":[{"start":{"line":21,"column":4},"end":{"line":34,"column":5}},{"start":{"line":27,"column":11},"end":{"line":34,"column":5}}],"line":21},"2":{"loc":{"start":{"line":38,"column":4},"end":{"line":40,"column":5}},"type":"if","locations":[{"start":{"line":38,"column":4},"end":{"line":40,"column":5}},{"start":{},"end":{}}],"line":38},"3":{"loc":{"start":{"line":38,"column":8},"end":{"line":38,"column":41}},"type":"binary-expr","locations":[{"start":{"line":38,"column":8},"end":{"line":38,"column":17}},{"start":{"line":38,"column":22},"end":{"line":38,"column":40}}],"line":38},"4":{"loc":{"start":{"line":43,"column":4},"end":{"line":50,"column":5}},"type":"if","locations":[{"start":{"line":43,"column":4},"end":{"line":50,"column":5}},{"start":{},"end":{}}],"line":43},"5":{"loc":{"start":{"line":45,"column":6},"end":{"line":47,"column":7}},"type":"if","locations":[{"start":{"line":45,"column":6},"end":{"line":47,"column":7}},{"start":{},"end":{}}],"line":45},"6":{"loc":{"start":{"line":57,"column":6},"end":{"line":62,"column":7}},"type":"if","locations":[{"start":{"line":57,"column":6},"end":{"line":62,"column":7}},{"start":{},"end":{}}],"line":57},"7":{"loc":{"start":{"line":58,"column":8},"end":{"line":59,"column":49}},"type":"binary-expr","locations":[{"start":{"line":58,"column":8},"end":{"line":58,"column":49}},{"start":{"line":59,"column":8},"end":{"line":59,"column":49}}],"line":58}},"s":{"0":8,"1":8,"2":8,"3":1,"4":4,"5":2,"6":7,"7":5,"8":5,"9":5,"10":17,"11":17,"12":2,"13":2,"14":2,"15":11,"16":11,"17":13,"18":1,"19":12,"20":12,"21":8,"22":8,"23":1,"24":8,"25":4,"26":12,"27":12,"28":28,"29":8,"30":4,"31":1},"f":{"0":8,"1":1,"2":4,"3":2,"4":7,"5":13,"6":12},"b":{"0":[4],"1":[5,2],"2":[1,12],"3":[13,13],"4":[8,4],"5":[1,7],"6":[8,20],"7":[28,17]},"_coverageSchema":"1a1c01bbd47fc00a2c39e90264f33305004495a9","hash":"a953fc7a67c4fa556d5edc4ef57e06301c034c0d"}
}
