TN:
SF:src/ship.js
FN:2,(anonymous_0)
FN:8,(anonymous_1)
FN:12,(anonymous_2)
FN:16,(anonymous_3)
FN:20,(anonymous_4)
FN:37,(anonymous_5)
FN:55,(anonymous_6)
FNF:7
FNH:7
FNDA:8,(anonymous_0)
FNDA:1,(anonymous_1)
FNDA:4,(anonymous_2)
FNDA:2,(anonymous_3)
FNDA:7,(anonymous_4)
FNDA:13,(anonymous_5)
FNDA:12,(anonymous_6)
DA:3,8
DA:4,8
DA:5,8
DA:9,1
DA:13,4
DA:17,2
DA:21,7
DA:22,5
DA:23,5
DA:24,17
DA:25,17
DA:28,2
DA:30,2
DA:31,11
DA:32,11
DA:38,13
DA:39,1
DA:42,12
DA:43,12
DA:44,8
DA:45,8
DA:46,1
DA:49,8
DA:52,4
DA:56,12
DA:57,28
DA:61,8
DA:65,4
DA:69,1
LF:29
LH:29
BRDA:20,0,0,4
BRDA:21,1,0,5
BRDA:21,1,1,2
BRDA:38,2,0,1
BRDA:38,2,1,12
BRDA:38,3,0,13
BRDA:38,3,1,13
BRDA:43,4,0,8
BRDA:43,4,1,4
BRDA:45,5,0,1
BRDA:45,5,1,7
BRDA:57,6,0,8
BRDA:57,6,1,20
BRDA:58,7,0,28
BRDA:58,7,1,17
BRF:15
BRH:15
end_of_record
