TN:
SF:src/Gameboard.js
FN:4,(anonymous_0)
FN:19,(anonymous_1)
FN:23,(anonymous_2)
FN:42,(anonymous_3)
FNF:4
FNH:4
FNDA:3,(anonymous_0)
FNDA:2,(anonymous_1)
FNDA:20,(anonymous_2)
FNDA:20,(anonymous_3)
DA:5,3
DA:6,3
DA:7,30
DA:10,3
DA:20,2
DA:24,20
DA:25,20
DA:26,20
DA:27,14
DA:28,11
DA:29,43
DA:32,3
DA:33,9
DA:36,14
DA:39,6
DA:43,20
DA:44,14
DA:48,1
DA:51,13
DA:52,45
DA:53,2
DA:57,6
DA:61,3
DA:63,3
DA:64,9
DA:65,0
DA:70,14
LF:27
LH:26
BRDA:23,0,0,0
BRDA:26,1,0,14
BRDA:26,1,1,6
BRDA:27,2,0,11
BRDA:27,2,1,3
BRDA:43,3,0,14
BRDA:43,3,1,6
BRDA:44,4,0,1
BRDA:44,4,1,13
BRDA:45,5,0,14
BRDA:45,5,1,13
BRDA:52,6,0,2
BRDA:52,6,1,43
BRDA:57,7,0,3
BRDA:57,7,1,3
BRDA:58,8,0,6
BRDA:58,8,1,3
BRDA:64,9,0,0
BRDA:64,9,1,9
BRF:19
BRH:17
end_of_record
TN:
SF:src/Ship.js
FN:2,(anonymous_0)
FN:9,(anonymous_1)
FN:13,(anonymous_2)
FN:17,(anonymous_3)
FN:21,(anonymous_4)
FN:38,(anonymous_5)
FNF:6
FNH:4
FNDA:20,(anonymous_0)
FNDA:22,(anonymous_1)
FNDA:0,(anonymous_2)
FNDA:3,(anonymous_3)
FNDA:0,(anonymous_4)
FNDA:9,(anonymous_5)
DA:3,20
DA:4,20
DA:5,20
DA:6,20
DA:10,22
DA:14,0
DA:18,3
DA:22,0
DA:23,0
DA:24,0
DA:25,0
DA:26,0
DA:29,0
DA:31,0
DA:32,0
DA:33,0
DA:39,9
DA:40,1
DA:43,8
DA:45,8
DA:46,2
DA:49,8
LF:22
LH:12
BRDA:21,0,0,0
BRDA:22,1,0,0
BRDA:22,1,1,0
BRDA:39,2,0,1
BRDA:39,2,1,8
BRDA:45,3,0,2
BRDA:45,3,1,6
BRF:7
BRH:4
end_of_record
